2023-04-19 17:24:33.931 [main] INFO  o.s.t.c.s.AnnotationConfigContextLoaderUtils - Could not detect default configuration classes for test class [fr.pacifista.api.service.support.tickets.services.PacifistaSupportTicketServiceTest]: PacifistaSupportTicketServiceTest does not declare any static, non-private, non-final, nested classes annotated with @Configuration.
2023-04-19 17:24:34.096 [main] INFO  o.s.b.t.c.SpringBootTestContextBootstrapper - Found @SpringBootConfiguration fr.pacifista.api.service.PacifistaApiService for test class fr.pacifista.api.service.support.tickets.services.PacifistaSupportTicketServiceTest
2023-04-19 17:24:35.669 [background-preinit] INFO  o.h.validator.internal.util.Version - HV000001: Hibernate Validator 8.0.0.Final
2023-04-19 17:24:35.705 [main] INFO  f.p.a.s.s.t.s.PacifistaSupportTicketServiceTest - Starting PacifistaSupportTicketServiceTest using Java 17 with PID 2928 (started by antoi in C:\Users\antoi\Documents\Developpement\Pacifista\PacifistaAPI\service)
2023-04-19 17:24:35.706 [main] INFO  f.p.a.s.s.t.s.PacifistaSupportTicketServiceTest - No active profile set, falling back to 1 default profile: "default"
2023-04-19 17:24:36.914 [main] INFO  o.s.d.r.c.RepositoryConfigurationDelegate - Bootstrapping Spring Data JPA repositories in DEFAULT mode.
2023-04-19 17:24:37.106 [main] INFO  o.s.d.r.c.RepositoryConfigurationDelegate - Finished Spring Data repository scanning in 182 ms. Found 23 JPA repository interfaces.
2023-04-19 17:24:37.409 [main] INFO  o.s.cloud.context.scope.GenericScope - BeanFactory id=f1a20fc4-d0fe-3905-8015-05bf26f05513
2023-04-19 17:24:37.582 [main] INFO  o.s.c.s.PostProcessorRegistrationDelegate$BeanPostProcessorChecker - Bean 'fr.funixgaming.api.client.user.clients.UserAuthClient' of type [org.springframework.cloud.openfeign.FeignClientFactoryBean] is not eligible for getting processed by all BeanPostProcessors (for example: not eligible for auto-proxying)
2023-04-19 17:24:37.585 [main] INFO  o.s.c.s.PostProcessorRegistrationDelegate$BeanPostProcessorChecker - Bean 'fr.funixgaming.api.client.user.clients.UserCrudClient' of type [org.springframework.cloud.openfeign.FeignClientFactoryBean] is not eligible for getting processed by all BeanPostProcessors (for example: not eligible for auto-proxying)
2023-04-19 17:24:37.586 [main] INFO  o.s.c.s.PostProcessorRegistrationDelegate$BeanPostProcessorChecker - Bean 'fr.pacifista.api.client.boxes.clients.BoxClient' of type [org.springframework.cloud.openfeign.FeignClientFactoryBean] is not eligible for getting processed by all BeanPostProcessors (for example: not eligible for auto-proxying)
2023-04-19 17:24:37.587 [main] INFO  o.s.c.s.PostProcessorRegistrationDelegate$BeanPostProcessorChecker - Bean 'fr.pacifista.api.client.boxes.clients.BoxRewardClient' of type [org.springframework.cloud.openfeign.FeignClientFactoryBean] is not eligible for getting processed by all BeanPostProcessors (for example: not eligible for auto-proxying)
2023-04-19 17:24:37.589 [main] INFO  o.s.c.s.PostProcessorRegistrationDelegate$BeanPostProcessorChecker - Bean 'fr.pacifista.api.client.boxes.clients.PlayerBoxClient' of type [org.springframework.cloud.openfeign.FeignClientFactoryBean] is not eligible for getting processed by all BeanPostProcessors (for example: not eligible for auto-proxying)
2023-04-19 17:24:37.591 [main] INFO  o.s.c.s.PostProcessorRegistrationDelegate$BeanPostProcessorChecker - Bean 'fr.pacifista.api.client.external_api.mojang.client.MojangApiClient' of type [org.springframework.cloud.openfeign.FeignClientFactoryBean] is not eligible for getting processed by all BeanPostProcessors (for example: not eligible for auto-proxying)
2023-04-19 17:24:37.593 [main] INFO  o.s.c.s.PostProcessorRegistrationDelegate$BeanPostProcessorChecker - Bean 'fr.pacifista.api.client.guilds.clients.GuildClient' of type [org.springframework.cloud.openfeign.FeignClientFactoryBean] is not eligible for getting processed by all BeanPostProcessors (for example: not eligible for auto-proxying)
2023-04-19 17:24:37.594 [main] INFO  o.s.c.s.PostProcessorRegistrationDelegate$BeanPostProcessorChecker - Bean 'fr.pacifista.api.client.guilds.clients.GuildExperienceClient' of type [org.springframework.cloud.openfeign.FeignClientFactoryBean] is not eligible for getting processed by all BeanPostProcessors (for example: not eligible for auto-proxying)
2023-04-19 17:24:37.596 [main] INFO  o.s.c.s.PostProcessorRegistrationDelegate$BeanPostProcessorChecker - Bean 'fr.pacifista.api.client.guilds.clients.GuildHomeClient' of type [org.springframework.cloud.openfeign.FeignClientFactoryBean] is not eligible for getting processed by all BeanPostProcessors (for example: not eligible for auto-proxying)
2023-04-19 17:24:37.598 [main] INFO  o.s.c.s.PostProcessorRegistrationDelegate$BeanPostProcessorChecker - Bean 'fr.pacifista.api.client.guilds.clients.GuildLogClient' of type [org.springframework.cloud.openfeign.FeignClientFactoryBean] is not eligible for getting processed by all BeanPostProcessors (for example: not eligible for auto-proxying)
2023-04-19 17:24:37.600 [main] INFO  o.s.c.s.PostProcessorRegistrationDelegate$BeanPostProcessorChecker - Bean 'fr.pacifista.api.client.guilds.clients.GuildMemberClient' of type [org.springframework.cloud.openfeign.FeignClientFactoryBean] is not eligible for getting processed by all BeanPostProcessors (for example: not eligible for auto-proxying)
2023-04-19 17:24:37.602 [main] INFO  o.s.c.s.PostProcessorRegistrationDelegate$BeanPostProcessorChecker - Bean 'fr.pacifista.api.client.guilds.clients.GuildMessageClient' of type [org.springframework.cloud.openfeign.FeignClientFactoryBean] is not eligible for getting processed by all BeanPostProcessors (for example: not eligible for auto-proxying)
2023-04-19 17:24:37.603 [main] INFO  o.s.c.s.PostProcessorRegistrationDelegate$BeanPostProcessorChecker - Bean 'fr.pacifista.api.client.permissions.clients.PacifistaPermissionClient' of type [org.springframework.cloud.openfeign.FeignClientFactoryBean] is not eligible for getting processed by all BeanPostProcessors (for example: not eligible for auto-proxying)
2023-04-19 17:24:37.604 [main] INFO  o.s.c.s.PostProcessorRegistrationDelegate$BeanPostProcessorChecker - Bean 'fr.pacifista.api.client.permissions.clients.PacifistaPlayerRolesClient' of type [org.springframework.cloud.openfeign.FeignClientFactoryBean] is not eligible for getting processed by all BeanPostProcessors (for example: not eligible for auto-proxying)
2023-04-19 17:24:37.605 [main] INFO  o.s.c.s.PostProcessorRegistrationDelegate$BeanPostProcessorChecker - Bean 'fr.pacifista.api.client.permissions.clients.PacifistaRoleClient' of type [org.springframework.cloud.openfeign.FeignClientFactoryBean] is not eligible for getting processed by all BeanPostProcessors (for example: not eligible for auto-proxying)
2023-04-19 17:24:37.611 [main] INFO  o.s.c.s.PostProcessorRegistrationDelegate$BeanPostProcessorChecker - Bean 'fr.pacifista.api.client.players.players_sync.clients.PlayerEnderchestDataClient' of type [org.springframework.cloud.openfeign.FeignClientFactoryBean] is not eligible for getting processed by all BeanPostProcessors (for example: not eligible for auto-proxying)
2023-04-19 17:24:37.612 [main] INFO  o.s.c.s.PostProcessorRegistrationDelegate$BeanPostProcessorChecker - Bean 'fr.pacifista.api.client.players.players_sync.clients.PlayerExperienceDataClient' of type [org.springframework.cloud.openfeign.FeignClientFactoryBean] is not eligible for getting processed by all BeanPostProcessors (for example: not eligible for auto-proxying)
2023-04-19 17:24:37.613 [main] INFO  o.s.c.s.PostProcessorRegistrationDelegate$BeanPostProcessorChecker - Bean 'fr.pacifista.api.client.players.players_sync.clients.PlayerInventoryDataClient' of type [org.springframework.cloud.openfeign.FeignClientFactoryBean] is not eligible for getting processed by all BeanPostProcessors (for example: not eligible for auto-proxying)
2023-04-19 17:24:37.614 [main] INFO  o.s.c.s.PostProcessorRegistrationDelegate$BeanPostProcessorChecker - Bean 'fr.pacifista.api.client.players.players_sync.clients.PlayerMoneyDataClient' of type [org.springframework.cloud.openfeign.FeignClientFactoryBean] is not eligible for getting processed by all BeanPostProcessors (for example: not eligible for auto-proxying)
2023-04-19 17:24:37.615 [main] INFO  o.s.c.s.PostProcessorRegistrationDelegate$BeanPostProcessorChecker - Bean 'fr.pacifista.api.client.sanctions.clients.SanctionClient' of type [org.springframework.cloud.openfeign.FeignClientFactoryBean] is not eligible for getting processed by all BeanPostProcessors (for example: not eligible for auto-proxying)
2023-04-19 17:24:37.616 [main] INFO  o.s.c.s.PostProcessorRegistrationDelegate$BeanPostProcessorChecker - Bean 'fr.pacifista.api.client.support.tickets.clients.PacifistaSupportTicketClient' of type [org.springframework.cloud.openfeign.FeignClientFactoryBean] is not eligible for getting processed by all BeanPostProcessors (for example: not eligible for auto-proxying)
2023-04-19 17:24:37.617 [main] INFO  o.s.c.s.PostProcessorRegistrationDelegate$BeanPostProcessorChecker - Bean 'fr.pacifista.api.client.support.tickets.clients.PacifistaSupportTicketMessageClient' of type [org.springframework.cloud.openfeign.FeignClientFactoryBean] is not eligible for getting processed by all BeanPostProcessors (for example: not eligible for auto-proxying)
2023-04-19 17:24:37.618 [main] INFO  o.s.c.s.PostProcessorRegistrationDelegate$BeanPostProcessorChecker - Bean 'fr.pacifista.api.client.warps.clients.WarpClient' of type [org.springframework.cloud.openfeign.FeignClientFactoryBean] is not eligible for getting processed by all BeanPostProcessors (for example: not eligible for auto-proxying)
2023-04-19 17:24:37.619 [main] INFO  o.s.c.s.PostProcessorRegistrationDelegate$BeanPostProcessorChecker - Bean 'fr.pacifista.api.client.web.news.clients.PacifistaNewsClient' of type [org.springframework.cloud.openfeign.FeignClientFactoryBean] is not eligible for getting processed by all BeanPostProcessors (for example: not eligible for auto-proxying)
2023-04-19 17:24:37.620 [main] INFO  o.s.c.s.PostProcessorRegistrationDelegate$BeanPostProcessorChecker - Bean 'fr.pacifista.api.client.web.shop.articles.clients.ShopArticlesClient' of type [org.springframework.cloud.openfeign.FeignClientFactoryBean] is not eligible for getting processed by all BeanPostProcessors (for example: not eligible for auto-proxying)
2023-04-19 17:24:37.621 [main] INFO  o.s.c.s.PostProcessorRegistrationDelegate$BeanPostProcessorChecker - Bean 'fr.pacifista.api.client.web.shop.categories.clients.ShopCategoriesClient' of type [org.springframework.cloud.openfeign.FeignClientFactoryBean] is not eligible for getting processed by all BeanPostProcessors (for example: not eligible for auto-proxying)
2023-04-19 17:24:38.166 [main] INFO  o.h.jpa.internal.util.LogHelper - HHH000204: Processing PersistenceUnitInfo [name: default]
2023-04-19 17:24:38.328 [main] INFO  org.hibernate.Version - HHH000412: Hibernate ORM core version 6.1.7.Final
2023-04-19 17:24:38.852 [main] INFO  com.zaxxer.hikari.HikariDataSource - HikariPool-1 - Starting...
2023-04-19 17:24:39.080 [main] INFO  com.zaxxer.hikari.pool.HikariPool - HikariPool-1 - Added connection conn0: url=jdbc:h2:mem:test user=SA
2023-04-19 17:24:39.082 [main] INFO  com.zaxxer.hikari.HikariDataSource - HikariPool-1 - Start completed.
2023-04-19 17:24:39.100 [main] INFO  SQL dialect - HHH000400: Using dialect: org.hibernate.dialect.H2Dialect
2023-04-19 17:24:40.543 [main] INFO  o.h.e.t.j.p.i.JtaPlatformInitiator - HHH000490: Using JtaPlatform implementation: [org.hibernate.engine.transaction.jta.platform.internal.NoJtaPlatform]
2023-04-19 17:24:40.553 [main] INFO  o.s.o.j.LocalContainerEntityManagerFactoryBean - Initialized JPA EntityManagerFactory for persistence unit 'default'
2023-04-19 17:24:42.868 [main] WARN  o.s.b.a.s.s.UserDetailsServiceAutoConfiguration - 

Using generated security password: 40419447-3821-4211-84bb-b1306dff20b2

This generated password is for development use only. Your security configuration must be updated before running your application in production.

2023-04-19 17:24:43.540 [main] INFO  o.s.s.web.DefaultSecurityFilterChain - Will secure any request with [org.springframework.security.web.session.DisableEncodeUrlFilter@3c84c32f, org.springframework.security.web.context.request.async.WebAsyncManagerIntegrationFilter@57ac220f, org.springframework.security.web.context.SecurityContextHolderFilter@5037f491, org.springframework.security.web.header.HeaderWriterFilter@532782f5, org.springframework.web.filter.CorsFilter@2100b770, org.springframework.security.web.authentication.logout.LogoutFilter@48d6248d, fr.pacifista.api.service.core.auth.components.JwtTokenFilter@30bd6bc8, org.springframework.security.web.authentication.www.BasicAuthenticationFilter@132f1d85, org.springframework.security.web.savedrequest.RequestCacheAwareFilter@511ba9c9, org.springframework.security.web.servletapi.SecurityContextHolderAwareRequestFilter@7315264e, org.springframework.security.web.authentication.AnonymousAuthenticationFilter@7e641005, org.springframework.security.web.session.SessionManagementFilter@6c65c6f0, org.springframework.security.web.access.ExceptionTranslationFilter@5e5f5ddf, org.springframework.security.web.access.intercept.AuthorizationFilter@30ffc3c0]
2023-04-19 17:24:45.177 [main] INFO  o.s.cloud.commons.util.InetUtils - Cannot determine local hostname
2023-04-19 17:24:45.226 [main] INFO  f.p.a.s.s.t.s.PacifistaSupportTicketServiceTest - Started PacifistaSupportTicketServiceTest in 10.923 seconds (process running for 12.447)
2023-04-19 17:24:46.053 [main] WARN  o.h.e.jdbc.spi.SqlExceptionHelper - SQL Error: 23502, SQLState: 23502
2023-04-19 17:24:46.053 [main] ERROR o.h.e.jdbc.spi.SqlExceptionHelper - NULL non permis pour la colonne "STATUS"
NULL not allowed for column "STATUS"; SQL statement:
insert into pacifista_support_tickets (id, created_at, created_by_id, created_by_name, creation_source, object, status, type, updated_at, uuid) values (default, ?, ?, ?, ?, ?, ?, ?, ?, ?) [23502-214]
2023-04-19 17:24:46.094 [main] WARN  o.h.e.jdbc.spi.SqlExceptionHelper - SQL Error: 23502, SQLState: 23502
2023-04-19 17:24:46.094 [main] ERROR o.h.e.jdbc.spi.SqlExceptionHelper - NULL non permis pour la colonne "STATUS"
NULL not allowed for column "STATUS"; SQL statement:
insert into pacifista_support_tickets (id, created_at, created_by_id, created_by_name, creation_source, object, status, type, updated_at, uuid) values (default, ?, ?, ?, ?, ?, ?, ?, ?, ?) [23502-214]
2023-04-19 17:24:46.117 [SpringApplicationShutdownHook] INFO  o.s.o.j.LocalContainerEntityManagerFactoryBean - Closing JPA EntityManagerFactory for persistence unit 'default'
2023-04-19 17:24:46.119 [SpringApplicationShutdownHook] INFO  com.zaxxer.hikari.HikariDataSource - HikariPool-1 - Shutdown initiated...
2023-04-19 17:24:46.121 [SpringApplicationShutdownHook] INFO  com.zaxxer.hikari.HikariDataSource - HikariPool-1 - Shutdown completed.
2023-04-19 17:26:02.016 [main] INFO  o.s.t.c.s.AnnotationConfigContextLoaderUtils - Could not detect default configuration classes for test class [fr.pacifista.api.service.support.tickets.services.PacifistaSupportTicketServiceTest]: PacifistaSupportTicketServiceTest does not declare any static, non-private, non-final, nested classes annotated with @Configuration.
2023-04-19 17:26:02.162 [main] INFO  o.s.b.t.c.SpringBootTestContextBootstrapper - Found @SpringBootConfiguration fr.pacifista.api.service.PacifistaApiService for test class fr.pacifista.api.service.support.tickets.services.PacifistaSupportTicketServiceTest
2023-04-19 17:26:03.698 [background-preinit] INFO  o.h.validator.internal.util.Version - HV000001: Hibernate Validator 8.0.0.Final
2023-04-19 17:26:03.737 [main] INFO  f.p.a.s.s.t.s.PacifistaSupportTicketServiceTest - Starting PacifistaSupportTicketServiceTest using Java 17 with PID 6536 (started by antoi in C:\Users\antoi\Documents\Developpement\Pacifista\PacifistaAPI\service)
2023-04-19 17:26:03.738 [main] INFO  f.p.a.s.s.t.s.PacifistaSupportTicketServiceTest - No active profile set, falling back to 1 default profile: "default"
2023-04-19 17:26:04.938 [main] INFO  o.s.d.r.c.RepositoryConfigurationDelegate - Bootstrapping Spring Data JPA repositories in DEFAULT mode.
2023-04-19 17:26:05.138 [main] INFO  o.s.d.r.c.RepositoryConfigurationDelegate - Finished Spring Data repository scanning in 183 ms. Found 23 JPA repository interfaces.
2023-04-19 17:26:05.480 [main] INFO  o.s.cloud.context.scope.GenericScope - BeanFactory id=f1a20fc4-d0fe-3905-8015-05bf26f05513
2023-04-19 17:26:05.653 [main] INFO  o.s.c.s.PostProcessorRegistrationDelegate$BeanPostProcessorChecker - Bean 'fr.funixgaming.api.client.user.clients.UserAuthClient' of type [org.springframework.cloud.openfeign.FeignClientFactoryBean] is not eligible for getting processed by all BeanPostProcessors (for example: not eligible for auto-proxying)
2023-04-19 17:26:05.655 [main] INFO  o.s.c.s.PostProcessorRegistrationDelegate$BeanPostProcessorChecker - Bean 'fr.funixgaming.api.client.user.clients.UserCrudClient' of type [org.springframework.cloud.openfeign.FeignClientFactoryBean] is not eligible for getting processed by all BeanPostProcessors (for example: not eligible for auto-proxying)
2023-04-19 17:26:05.657 [main] INFO  o.s.c.s.PostProcessorRegistrationDelegate$BeanPostProcessorChecker - Bean 'fr.pacifista.api.client.boxes.clients.BoxClient' of type [org.springframework.cloud.openfeign.FeignClientFactoryBean] is not eligible for getting processed by all BeanPostProcessors (for example: not eligible for auto-proxying)
2023-04-19 17:26:05.658 [main] INFO  o.s.c.s.PostProcessorRegistrationDelegate$BeanPostProcessorChecker - Bean 'fr.pacifista.api.client.boxes.clients.BoxRewardClient' of type [org.springframework.cloud.openfeign.FeignClientFactoryBean] is not eligible for getting processed by all BeanPostProcessors (for example: not eligible for auto-proxying)
2023-04-19 17:26:05.660 [main] INFO  o.s.c.s.PostProcessorRegistrationDelegate$BeanPostProcessorChecker - Bean 'fr.pacifista.api.client.boxes.clients.PlayerBoxClient' of type [org.springframework.cloud.openfeign.FeignClientFactoryBean] is not eligible for getting processed by all BeanPostProcessors (for example: not eligible for auto-proxying)
2023-04-19 17:26:05.662 [main] INFO  o.s.c.s.PostProcessorRegistrationDelegate$BeanPostProcessorChecker - Bean 'fr.pacifista.api.client.external_api.mojang.client.MojangApiClient' of type [org.springframework.cloud.openfeign.FeignClientFactoryBean] is not eligible for getting processed by all BeanPostProcessors (for example: not eligible for auto-proxying)
2023-04-19 17:26:05.664 [main] INFO  o.s.c.s.PostProcessorRegistrationDelegate$BeanPostProcessorChecker - Bean 'fr.pacifista.api.client.guilds.clients.GuildClient' of type [org.springframework.cloud.openfeign.FeignClientFactoryBean] is not eligible for getting processed by all BeanPostProcessors (for example: not eligible for auto-proxying)
2023-04-19 17:26:05.666 [main] INFO  o.s.c.s.PostProcessorRegistrationDelegate$BeanPostProcessorChecker - Bean 'fr.pacifista.api.client.guilds.clients.GuildExperienceClient' of type [org.springframework.cloud.openfeign.FeignClientFactoryBean] is not eligible for getting processed by all BeanPostProcessors (for example: not eligible for auto-proxying)
2023-04-19 17:26:05.668 [main] INFO  o.s.c.s.PostProcessorRegistrationDelegate$BeanPostProcessorChecker - Bean 'fr.pacifista.api.client.guilds.clients.GuildHomeClient' of type [org.springframework.cloud.openfeign.FeignClientFactoryBean] is not eligible for getting processed by all BeanPostProcessors (for example: not eligible for auto-proxying)
2023-04-19 17:26:05.670 [main] INFO  o.s.c.s.PostProcessorRegistrationDelegate$BeanPostProcessorChecker - Bean 'fr.pacifista.api.client.guilds.clients.GuildLogClient' of type [org.springframework.cloud.openfeign.FeignClientFactoryBean] is not eligible for getting processed by all BeanPostProcessors (for example: not eligible for auto-proxying)
2023-04-19 17:26:05.672 [main] INFO  o.s.c.s.PostProcessorRegistrationDelegate$BeanPostProcessorChecker - Bean 'fr.pacifista.api.client.guilds.clients.GuildMemberClient' of type [org.springframework.cloud.openfeign.FeignClientFactoryBean] is not eligible for getting processed by all BeanPostProcessors (for example: not eligible for auto-proxying)
2023-04-19 17:26:05.674 [main] INFO  o.s.c.s.PostProcessorRegistrationDelegate$BeanPostProcessorChecker - Bean 'fr.pacifista.api.client.guilds.clients.GuildMessageClient' of type [org.springframework.cloud.openfeign.FeignClientFactoryBean] is not eligible for getting processed by all BeanPostProcessors (for example: not eligible for auto-proxying)
2023-04-19 17:26:05.675 [main] INFO  o.s.c.s.PostProcessorRegistrationDelegate$BeanPostProcessorChecker - Bean 'fr.pacifista.api.client.permissions.clients.PacifistaPermissionClient' of type [org.springframework.cloud.openfeign.FeignClientFactoryBean] is not eligible for getting processed by all BeanPostProcessors (for example: not eligible for auto-proxying)
2023-04-19 17:26:05.676 [main] INFO  o.s.c.s.PostProcessorRegistrationDelegate$BeanPostProcessorChecker - Bean 'fr.pacifista.api.client.permissions.clients.PacifistaPlayerRolesClient' of type [org.springframework.cloud.openfeign.FeignClientFactoryBean] is not eligible for getting processed by all BeanPostProcessors (for example: not eligible for auto-proxying)
2023-04-19 17:26:05.677 [main] INFO  o.s.c.s.PostProcessorRegistrationDelegate$BeanPostProcessorChecker - Bean 'fr.pacifista.api.client.permissions.clients.PacifistaRoleClient' of type [org.springframework.cloud.openfeign.FeignClientFactoryBean] is not eligible for getting processed by all BeanPostProcessors (for example: not eligible for auto-proxying)
2023-04-19 17:26:05.683 [main] INFO  o.s.c.s.PostProcessorRegistrationDelegate$BeanPostProcessorChecker - Bean 'fr.pacifista.api.client.players.players_sync.clients.PlayerEnderchestDataClient' of type [org.springframework.cloud.openfeign.FeignClientFactoryBean] is not eligible for getting processed by all BeanPostProcessors (for example: not eligible for auto-proxying)
2023-04-19 17:26:05.685 [main] INFO  o.s.c.s.PostProcessorRegistrationDelegate$BeanPostProcessorChecker - Bean 'fr.pacifista.api.client.players.players_sync.clients.PlayerExperienceDataClient' of type [org.springframework.cloud.openfeign.FeignClientFactoryBean] is not eligible for getting processed by all BeanPostProcessors (for example: not eligible for auto-proxying)
2023-04-19 17:26:05.686 [main] INFO  o.s.c.s.PostProcessorRegistrationDelegate$BeanPostProcessorChecker - Bean 'fr.pacifista.api.client.players.players_sync.clients.PlayerInventoryDataClient' of type [org.springframework.cloud.openfeign.FeignClientFactoryBean] is not eligible for getting processed by all BeanPostProcessors (for example: not eligible for auto-proxying)
2023-04-19 17:26:05.687 [main] INFO  o.s.c.s.PostProcessorRegistrationDelegate$BeanPostProcessorChecker - Bean 'fr.pacifista.api.client.players.players_sync.clients.PlayerMoneyDataClient' of type [org.springframework.cloud.openfeign.FeignClientFactoryBean] is not eligible for getting processed by all BeanPostProcessors (for example: not eligible for auto-proxying)
2023-04-19 17:26:05.688 [main] INFO  o.s.c.s.PostProcessorRegistrationDelegate$BeanPostProcessorChecker - Bean 'fr.pacifista.api.client.sanctions.clients.SanctionClient' of type [org.springframework.cloud.openfeign.FeignClientFactoryBean] is not eligible for getting processed by all BeanPostProcessors (for example: not eligible for auto-proxying)
2023-04-19 17:26:05.688 [main] INFO  o.s.c.s.PostProcessorRegistrationDelegate$BeanPostProcessorChecker - Bean 'fr.pacifista.api.client.support.tickets.clients.PacifistaSupportTicketClient' of type [org.springframework.cloud.openfeign.FeignClientFactoryBean] is not eligible for getting processed by all BeanPostProcessors (for example: not eligible for auto-proxying)
2023-04-19 17:26:05.689 [main] INFO  o.s.c.s.PostProcessorRegistrationDelegate$BeanPostProcessorChecker - Bean 'fr.pacifista.api.client.support.tickets.clients.PacifistaSupportTicketMessageClient' of type [org.springframework.cloud.openfeign.FeignClientFactoryBean] is not eligible for getting processed by all BeanPostProcessors (for example: not eligible for auto-proxying)
2023-04-19 17:26:05.690 [main] INFO  o.s.c.s.PostProcessorRegistrationDelegate$BeanPostProcessorChecker - Bean 'fr.pacifista.api.client.warps.clients.WarpClient' of type [org.springframework.cloud.openfeign.FeignClientFactoryBean] is not eligible for getting processed by all BeanPostProcessors (for example: not eligible for auto-proxying)
2023-04-19 17:26:05.691 [main] INFO  o.s.c.s.PostProcessorRegistrationDelegate$BeanPostProcessorChecker - Bean 'fr.pacifista.api.client.web.news.clients.PacifistaNewsClient' of type [org.springframework.cloud.openfeign.FeignClientFactoryBean] is not eligible for getting processed by all BeanPostProcessors (for example: not eligible for auto-proxying)
2023-04-19 17:26:05.692 [main] INFO  o.s.c.s.PostProcessorRegistrationDelegate$BeanPostProcessorChecker - Bean 'fr.pacifista.api.client.web.shop.articles.clients.ShopArticlesClient' of type [org.springframework.cloud.openfeign.FeignClientFactoryBean] is not eligible for getting processed by all BeanPostProcessors (for example: not eligible for auto-proxying)
2023-04-19 17:26:05.693 [main] INFO  o.s.c.s.PostProcessorRegistrationDelegate$BeanPostProcessorChecker - Bean 'fr.pacifista.api.client.web.shop.categories.clients.ShopCategoriesClient' of type [org.springframework.cloud.openfeign.FeignClientFactoryBean] is not eligible for getting processed by all BeanPostProcessors (for example: not eligible for auto-proxying)
2023-04-19 17:26:06.245 [main] INFO  o.h.jpa.internal.util.LogHelper - HHH000204: Processing PersistenceUnitInfo [name: default]
2023-04-19 17:26:06.340 [main] INFO  org.hibernate.Version - HHH000412: Hibernate ORM core version 6.1.7.Final
2023-04-19 17:26:06.814 [main] INFO  com.zaxxer.hikari.HikariDataSource - HikariPool-1 - Starting...
2023-04-19 17:26:06.996 [main] INFO  com.zaxxer.hikari.pool.HikariPool - HikariPool-1 - Added connection conn0: url=jdbc:h2:mem:test user=SA
2023-04-19 17:26:06.997 [main] INFO  com.zaxxer.hikari.HikariDataSource - HikariPool-1 - Start completed.
2023-04-19 17:26:07.014 [main] INFO  SQL dialect - HHH000400: Using dialect: org.hibernate.dialect.H2Dialect
2023-04-19 17:26:08.487 [main] INFO  o.h.e.t.j.p.i.JtaPlatformInitiator - HHH000490: Using JtaPlatform implementation: [org.hibernate.engine.transaction.jta.platform.internal.NoJtaPlatform]
2023-04-19 17:26:08.497 [main] INFO  o.s.o.j.LocalContainerEntityManagerFactoryBean - Initialized JPA EntityManagerFactory for persistence unit 'default'
2023-04-19 17:26:11.089 [main] WARN  o.s.b.a.s.s.UserDetailsServiceAutoConfiguration - 

Using generated security password: 9e810331-8455-44f0-a43d-e3e514c3d002

This generated password is for development use only. Your security configuration must be updated before running your application in production.

2023-04-19 17:26:11.851 [main] INFO  o.s.s.web.DefaultSecurityFilterChain - Will secure any request with [org.springframework.security.web.session.DisableEncodeUrlFilter@377a1763, org.springframework.security.web.context.request.async.WebAsyncManagerIntegrationFilter@61f62b80, org.springframework.security.web.context.SecurityContextHolderFilter@2c3a2935, org.springframework.security.web.header.HeaderWriterFilter@2aa85cc4, org.springframework.web.filter.CorsFilter@31620971, org.springframework.security.web.authentication.logout.LogoutFilter@6d1c15cb, fr.pacifista.api.service.core.auth.components.JwtTokenFilter@7c4697fc, org.springframework.security.web.authentication.www.BasicAuthenticationFilter@3e5d10fc, org.springframework.security.web.savedrequest.RequestCacheAwareFilter@83b39c3, org.springframework.security.web.servletapi.SecurityContextHolderAwareRequestFilter@3af17313, org.springframework.security.web.authentication.AnonymousAuthenticationFilter@387bbd7a, org.springframework.security.web.session.SessionManagementFilter@588b02a0, org.springframework.security.web.access.ExceptionTranslationFilter@24e0bdb, org.springframework.security.web.access.intercept.AuthorizationFilter@5128efc]
2023-04-19 17:26:13.727 [main] INFO  o.s.cloud.commons.util.InetUtils - Cannot determine local hostname
2023-04-19 17:26:13.798 [main] INFO  f.p.a.s.s.t.s.PacifistaSupportTicketServiceTest - Started PacifistaSupportTicketServiceTest in 11.451 seconds (process running for 12.972)
2023-04-19 17:26:14.789 [SpringApplicationShutdownHook] INFO  o.s.o.j.LocalContainerEntityManagerFactoryBean - Closing JPA EntityManagerFactory for persistence unit 'default'
2023-04-19 17:26:14.791 [SpringApplicationShutdownHook] INFO  com.zaxxer.hikari.HikariDataSource - HikariPool-1 - Shutdown initiated...
2023-04-19 17:26:14.792 [SpringApplicationShutdownHook] INFO  com.zaxxer.hikari.HikariDataSource - HikariPool-1 - Shutdown completed.
2023-04-19 17:32:55.964 [main] INFO  o.s.t.c.s.AnnotationConfigContextLoaderUtils - Could not detect default configuration classes for test class [fr.pacifista.api.service.support.tickets.services.PacifistaSupportTicketMessageServiceTest]: PacifistaSupportTicketMessageServiceTest does not declare any static, non-private, non-final, nested classes annotated with @Configuration.
2023-04-19 17:32:56.126 [main] INFO  o.s.b.t.c.SpringBootTestContextBootstrapper - Found @SpringBootConfiguration fr.pacifista.api.service.PacifistaApiService for test class fr.pacifista.api.service.support.tickets.services.PacifistaSupportTicketMessageServiceTest
2023-04-19 17:32:57.672 [background-preinit] INFO  o.h.validator.internal.util.Version - HV000001: Hibernate Validator 8.0.0.Final
2023-04-19 17:32:57.708 [main] INFO  f.p.a.s.s.t.s.PacifistaSupportTicketMessageServiceTest - Starting PacifistaSupportTicketMessageServiceTest using Java 17 with PID 37132 (started by antoi in C:\Users\antoi\Documents\Developpement\Pacifista\PacifistaAPI\service)
2023-04-19 17:32:57.709 [main] INFO  f.p.a.s.s.t.s.PacifistaSupportTicketMessageServiceTest - No active profile set, falling back to 1 default profile: "default"
2023-04-19 17:32:58.896 [main] INFO  o.s.d.r.c.RepositoryConfigurationDelegate - Bootstrapping Spring Data JPA repositories in DEFAULT mode.
2023-04-19 17:32:59.079 [main] INFO  o.s.d.r.c.RepositoryConfigurationDelegate - Finished Spring Data repository scanning in 176 ms. Found 23 JPA repository interfaces.
2023-04-19 17:32:59.397 [main] INFO  o.s.cloud.context.scope.GenericScope - BeanFactory id=f1a20fc4-d0fe-3905-8015-05bf26f05513
2023-04-19 17:32:59.564 [main] INFO  o.s.c.s.PostProcessorRegistrationDelegate$BeanPostProcessorChecker - Bean 'fr.funixgaming.api.client.user.clients.UserAuthClient' of type [org.springframework.cloud.openfeign.FeignClientFactoryBean] is not eligible for getting processed by all BeanPostProcessors (for example: not eligible for auto-proxying)
2023-04-19 17:32:59.567 [main] INFO  o.s.c.s.PostProcessorRegistrationDelegate$BeanPostProcessorChecker - Bean 'fr.funixgaming.api.client.user.clients.UserCrudClient' of type [org.springframework.cloud.openfeign.FeignClientFactoryBean] is not eligible for getting processed by all BeanPostProcessors (for example: not eligible for auto-proxying)
2023-04-19 17:32:59.569 [main] INFO  o.s.c.s.PostProcessorRegistrationDelegate$BeanPostProcessorChecker - Bean 'fr.pacifista.api.client.boxes.clients.BoxClient' of type [org.springframework.cloud.openfeign.FeignClientFactoryBean] is not eligible for getting processed by all BeanPostProcessors (for example: not eligible for auto-proxying)
2023-04-19 17:32:59.570 [main] INFO  o.s.c.s.PostProcessorRegistrationDelegate$BeanPostProcessorChecker - Bean 'fr.pacifista.api.client.boxes.clients.BoxRewardClient' of type [org.springframework.cloud.openfeign.FeignClientFactoryBean] is not eligible for getting processed by all BeanPostProcessors (for example: not eligible for auto-proxying)
2023-04-19 17:32:59.572 [main] INFO  o.s.c.s.PostProcessorRegistrationDelegate$BeanPostProcessorChecker - Bean 'fr.pacifista.api.client.boxes.clients.PlayerBoxClient' of type [org.springframework.cloud.openfeign.FeignClientFactoryBean] is not eligible for getting processed by all BeanPostProcessors (for example: not eligible for auto-proxying)
2023-04-19 17:32:59.575 [main] INFO  o.s.c.s.PostProcessorRegistrationDelegate$BeanPostProcessorChecker - Bean 'fr.pacifista.api.client.external_api.mojang.client.MojangApiClient' of type [org.springframework.cloud.openfeign.FeignClientFactoryBean] is not eligible for getting processed by all BeanPostProcessors (for example: not eligible for auto-proxying)
2023-04-19 17:32:59.578 [main] INFO  o.s.c.s.PostProcessorRegistrationDelegate$BeanPostProcessorChecker - Bean 'fr.pacifista.api.client.guilds.clients.GuildClient' of type [org.springframework.cloud.openfeign.FeignClientFactoryBean] is not eligible for getting processed by all BeanPostProcessors (for example: not eligible for auto-proxying)
2023-04-19 17:32:59.580 [main] INFO  o.s.c.s.PostProcessorRegistrationDelegate$BeanPostProcessorChecker - Bean 'fr.pacifista.api.client.guilds.clients.GuildExperienceClient' of type [org.springframework.cloud.openfeign.FeignClientFactoryBean] is not eligible for getting processed by all BeanPostProcessors (for example: not eligible for auto-proxying)
2023-04-19 17:32:59.582 [main] INFO  o.s.c.s.PostProcessorRegistrationDelegate$BeanPostProcessorChecker - Bean 'fr.pacifista.api.client.guilds.clients.GuildHomeClient' of type [org.springframework.cloud.openfeign.FeignClientFactoryBean] is not eligible for getting processed by all BeanPostProcessors (for example: not eligible for auto-proxying)
2023-04-19 17:32:59.584 [main] INFO  o.s.c.s.PostProcessorRegistrationDelegate$BeanPostProcessorChecker - Bean 'fr.pacifista.api.client.guilds.clients.GuildLogClient' of type [org.springframework.cloud.openfeign.FeignClientFactoryBean] is not eligible for getting processed by all BeanPostProcessors (for example: not eligible for auto-proxying)
2023-04-19 17:32:59.587 [main] INFO  o.s.c.s.PostProcessorRegistrationDelegate$BeanPostProcessorChecker - Bean 'fr.pacifista.api.client.guilds.clients.GuildMemberClient' of type [org.springframework.cloud.openfeign.FeignClientFactoryBean] is not eligible for getting processed by all BeanPostProcessors (for example: not eligible for auto-proxying)
2023-04-19 17:32:59.589 [main] INFO  o.s.c.s.PostProcessorRegistrationDelegate$BeanPostProcessorChecker - Bean 'fr.pacifista.api.client.guilds.clients.GuildMessageClient' of type [org.springframework.cloud.openfeign.FeignClientFactoryBean] is not eligible for getting processed by all BeanPostProcessors (for example: not eligible for auto-proxying)
2023-04-19 17:32:59.590 [main] INFO  o.s.c.s.PostProcessorRegistrationDelegate$BeanPostProcessorChecker - Bean 'fr.pacifista.api.client.permissions.clients.PacifistaPermissionClient' of type [org.springframework.cloud.openfeign.FeignClientFactoryBean] is not eligible for getting processed by all BeanPostProcessors (for example: not eligible for auto-proxying)
2023-04-19 17:32:59.591 [main] INFO  o.s.c.s.PostProcessorRegistrationDelegate$BeanPostProcessorChecker - Bean 'fr.pacifista.api.client.permissions.clients.PacifistaPlayerRolesClient' of type [org.springframework.cloud.openfeign.FeignClientFactoryBean] is not eligible for getting processed by all BeanPostProcessors (for example: not eligible for auto-proxying)
2023-04-19 17:32:59.592 [main] INFO  o.s.c.s.PostProcessorRegistrationDelegate$BeanPostProcessorChecker - Bean 'fr.pacifista.api.client.permissions.clients.PacifistaRoleClient' of type [org.springframework.cloud.openfeign.FeignClientFactoryBean] is not eligible for getting processed by all BeanPostProcessors (for example: not eligible for auto-proxying)
2023-04-19 17:32:59.598 [main] INFO  o.s.c.s.PostProcessorRegistrationDelegate$BeanPostProcessorChecker - Bean 'fr.pacifista.api.client.players.players_sync.clients.PlayerEnderchestDataClient' of type [org.springframework.cloud.openfeign.FeignClientFactoryBean] is not eligible for getting processed by all BeanPostProcessors (for example: not eligible for auto-proxying)
2023-04-19 17:32:59.599 [main] INFO  o.s.c.s.PostProcessorRegistrationDelegate$BeanPostProcessorChecker - Bean 'fr.pacifista.api.client.players.players_sync.clients.PlayerExperienceDataClient' of type [org.springframework.cloud.openfeign.FeignClientFactoryBean] is not eligible for getting processed by all BeanPostProcessors (for example: not eligible for auto-proxying)
2023-04-19 17:32:59.600 [main] INFO  o.s.c.s.PostProcessorRegistrationDelegate$BeanPostProcessorChecker - Bean 'fr.pacifista.api.client.players.players_sync.clients.PlayerInventoryDataClient' of type [org.springframework.cloud.openfeign.FeignClientFactoryBean] is not eligible for getting processed by all BeanPostProcessors (for example: not eligible for auto-proxying)
2023-04-19 17:32:59.602 [main] INFO  o.s.c.s.PostProcessorRegistrationDelegate$BeanPostProcessorChecker - Bean 'fr.pacifista.api.client.players.players_sync.clients.PlayerMoneyDataClient' of type [org.springframework.cloud.openfeign.FeignClientFactoryBean] is not eligible for getting processed by all BeanPostProcessors (for example: not eligible for auto-proxying)
2023-04-19 17:32:59.603 [main] INFO  o.s.c.s.PostProcessorRegistrationDelegate$BeanPostProcessorChecker - Bean 'fr.pacifista.api.client.sanctions.clients.SanctionClient' of type [org.springframework.cloud.openfeign.FeignClientFactoryBean] is not eligible for getting processed by all BeanPostProcessors (for example: not eligible for auto-proxying)
2023-04-19 17:32:59.604 [main] INFO  o.s.c.s.PostProcessorRegistrationDelegate$BeanPostProcessorChecker - Bean 'fr.pacifista.api.client.support.tickets.clients.PacifistaSupportTicketClient' of type [org.springframework.cloud.openfeign.FeignClientFactoryBean] is not eligible for getting processed by all BeanPostProcessors (for example: not eligible for auto-proxying)
2023-04-19 17:32:59.605 [main] INFO  o.s.c.s.PostProcessorRegistrationDelegate$BeanPostProcessorChecker - Bean 'fr.pacifista.api.client.support.tickets.clients.PacifistaSupportTicketMessageClient' of type [org.springframework.cloud.openfeign.FeignClientFactoryBean] is not eligible for getting processed by all BeanPostProcessors (for example: not eligible for auto-proxying)
2023-04-19 17:32:59.606 [main] INFO  o.s.c.s.PostProcessorRegistrationDelegate$BeanPostProcessorChecker - Bean 'fr.pacifista.api.client.warps.clients.WarpClient' of type [org.springframework.cloud.openfeign.FeignClientFactoryBean] is not eligible for getting processed by all BeanPostProcessors (for example: not eligible for auto-proxying)
2023-04-19 17:32:59.608 [main] INFO  o.s.c.s.PostProcessorRegistrationDelegate$BeanPostProcessorChecker - Bean 'fr.pacifista.api.client.web.news.clients.PacifistaNewsClient' of type [org.springframework.cloud.openfeign.FeignClientFactoryBean] is not eligible for getting processed by all BeanPostProcessors (for example: not eligible for auto-proxying)
2023-04-19 17:32:59.609 [main] INFO  o.s.c.s.PostProcessorRegistrationDelegate$BeanPostProcessorChecker - Bean 'fr.pacifista.api.client.web.shop.articles.clients.ShopArticlesClient' of type [org.springframework.cloud.openfeign.FeignClientFactoryBean] is not eligible for getting processed by all BeanPostProcessors (for example: not eligible for auto-proxying)
2023-04-19 17:32:59.610 [main] INFO  o.s.c.s.PostProcessorRegistrationDelegate$BeanPostProcessorChecker - Bean 'fr.pacifista.api.client.web.shop.categories.clients.ShopCategoriesClient' of type [org.springframework.cloud.openfeign.FeignClientFactoryBean] is not eligible for getting processed by all BeanPostProcessors (for example: not eligible for auto-proxying)
2023-04-19 17:33:00.151 [main] INFO  o.h.jpa.internal.util.LogHelper - HHH000204: Processing PersistenceUnitInfo [name: default]
2023-04-19 17:33:00.320 [main] INFO  org.hibernate.Version - HHH000412: Hibernate ORM core version 6.1.7.Final
2023-04-19 17:33:00.952 [main] INFO  com.zaxxer.hikari.HikariDataSource - HikariPool-1 - Starting...
2023-04-19 17:33:01.181 [main] INFO  com.zaxxer.hikari.pool.HikariPool - HikariPool-1 - Added connection conn0: url=jdbc:h2:mem:test user=SA
2023-04-19 17:33:01.182 [main] INFO  com.zaxxer.hikari.HikariDataSource - HikariPool-1 - Start completed.
2023-04-19 17:33:01.198 [main] INFO  SQL dialect - HHH000400: Using dialect: org.hibernate.dialect.H2Dialect
2023-04-19 17:33:02.611 [main] INFO  o.h.e.t.j.p.i.JtaPlatformInitiator - HHH000490: Using JtaPlatform implementation: [org.hibernate.engine.transaction.jta.platform.internal.NoJtaPlatform]
2023-04-19 17:33:02.620 [main] INFO  o.s.o.j.LocalContainerEntityManagerFactoryBean - Initialized JPA EntityManagerFactory for persistence unit 'default'
2023-04-19 17:33:05.164 [main] WARN  o.s.b.a.s.s.UserDetailsServiceAutoConfiguration - 

Using generated security password: 7f5af279-9f34-43f1-8190-65b8436f73e8

This generated password is for development use only. Your security configuration must be updated before running your application in production.

2023-04-19 17:33:05.756 [main] INFO  o.s.s.web.DefaultSecurityFilterChain - Will secure any request with [org.springframework.security.web.session.DisableEncodeUrlFilter@7d440378, org.springframework.security.web.context.request.async.WebAsyncManagerIntegrationFilter@6d1c15cb, org.springframework.security.web.context.SecurityContextHolderFilter@7b237c2c, org.springframework.security.web.header.HeaderWriterFilter@1d4ee936, org.springframework.web.filter.CorsFilter@3af17313, org.springframework.security.web.authentication.logout.LogoutFilter@83b39c3, fr.pacifista.api.service.core.auth.components.JwtTokenFilter@55e02661, org.springframework.security.web.authentication.www.BasicAuthenticationFilter@42014a, org.springframework.security.web.savedrequest.RequestCacheAwareFilter@3ae5cbb9, org.springframework.security.web.servletapi.SecurityContextHolderAwareRequestFilter@4e132a9b, org.springframework.security.web.authentication.AnonymousAuthenticationFilter@7597ae32, org.springframework.security.web.session.SessionManagementFilter@7fcc8d9f, org.springframework.security.web.access.ExceptionTranslationFilter@ab90b8c, org.springframework.security.web.access.intercept.AuthorizationFilter@619dc070]
2023-04-19 17:33:07.427 [main] INFO  o.s.cloud.commons.util.InetUtils - Cannot determine local hostname
2023-04-19 17:33:07.491 [main] INFO  f.p.a.s.s.t.s.PacifistaSupportTicketMessageServiceTest - Started PacifistaSupportTicketMessageServiceTest in 11.16 seconds (process running for 12.65)
2023-04-19 17:33:08.464 [main] WARN  o.h.e.jdbc.spi.SqlExceptionHelper - SQL Error: 23502, SQLState: 23502
2023-04-19 17:33:08.464 [main] ERROR o.h.e.jdbc.spi.SqlExceptionHelper - NULL non permis pour la colonne "WRITTEN_BY_NAME"
NULL not allowed for column "WRITTEN_BY_NAME"; SQL statement:
insert into pacifista_support_tickets_messages (id, created_at, message, ticket_id, updated_at, uuid, written_by_id, written_by_name) values (default, ?, ?, ?, ?, ?, ?, ?) [23502-214]
2023-04-19 17:33:08.492 [main] WARN  o.h.e.jdbc.spi.SqlExceptionHelper - SQL Error: 23502, SQLState: 23502
2023-04-19 17:33:08.493 [main] ERROR o.h.e.jdbc.spi.SqlExceptionHelper - NULL non permis pour la colonne "WRITTEN_BY_NAME"
NULL not allowed for column "WRITTEN_BY_NAME"; SQL statement:
insert into pacifista_support_tickets_messages (id, created_at, message, ticket_id, updated_at, uuid, written_by_id, written_by_name) values (default, ?, ?, ?, ?, ?, ?, ?) [23502-214]
2023-04-19 17:33:08.512 [SpringApplicationShutdownHook] INFO  o.s.o.j.LocalContainerEntityManagerFactoryBean - Closing JPA EntityManagerFactory for persistence unit 'default'
2023-04-19 17:33:08.513 [SpringApplicationShutdownHook] INFO  com.zaxxer.hikari.HikariDataSource - HikariPool-1 - Shutdown initiated...
2023-04-19 17:33:08.515 [SpringApplicationShutdownHook] INFO  com.zaxxer.hikari.HikariDataSource - HikariPool-1 - Shutdown completed.
2023-04-19 17:34:23.063 [main] INFO  o.s.t.c.s.AnnotationConfigContextLoaderUtils - Could not detect default configuration classes for test class [fr.pacifista.api.service.support.tickets.services.PacifistaSupportTicketMessageServiceTest]: PacifistaSupportTicketMessageServiceTest does not declare any static, non-private, non-final, nested classes annotated with @Configuration.
2023-04-19 17:34:23.220 [main] INFO  o.s.b.t.c.SpringBootTestContextBootstrapper - Found @SpringBootConfiguration fr.pacifista.api.service.PacifistaApiService for test class fr.pacifista.api.service.support.tickets.services.PacifistaSupportTicketMessageServiceTest
2023-04-19 17:34:24.729 [background-preinit] INFO  o.h.validator.internal.util.Version - HV000001: Hibernate Validator 8.0.0.Final
2023-04-19 17:34:24.765 [main] INFO  f.p.a.s.s.t.s.PacifistaSupportTicketMessageServiceTest - Starting PacifistaSupportTicketMessageServiceTest using Java 17 with PID 37528 (started by antoi in C:\Users\antoi\Documents\Developpement\Pacifista\PacifistaAPI\service)
2023-04-19 17:34:24.766 [main] INFO  f.p.a.s.s.t.s.PacifistaSupportTicketMessageServiceTest - No active profile set, falling back to 1 default profile: "default"
2023-04-19 17:34:25.982 [main] INFO  o.s.d.r.c.RepositoryConfigurationDelegate - Bootstrapping Spring Data JPA repositories in DEFAULT mode.
2023-04-19 17:34:26.169 [main] INFO  o.s.d.r.c.RepositoryConfigurationDelegate - Finished Spring Data repository scanning in 176 ms. Found 23 JPA repository interfaces.
2023-04-19 17:34:26.531 [main] INFO  o.s.cloud.context.scope.GenericScope - BeanFactory id=f1a20fc4-d0fe-3905-8015-05bf26f05513
2023-04-19 17:34:26.711 [main] INFO  o.s.c.s.PostProcessorRegistrationDelegate$BeanPostProcessorChecker - Bean 'fr.funixgaming.api.client.user.clients.UserAuthClient' of type [org.springframework.cloud.openfeign.FeignClientFactoryBean] is not eligible for getting processed by all BeanPostProcessors (for example: not eligible for auto-proxying)
2023-04-19 17:34:26.713 [main] INFO  o.s.c.s.PostProcessorRegistrationDelegate$BeanPostProcessorChecker - Bean 'fr.funixgaming.api.client.user.clients.UserCrudClient' of type [org.springframework.cloud.openfeign.FeignClientFactoryBean] is not eligible for getting processed by all BeanPostProcessors (for example: not eligible for auto-proxying)
2023-04-19 17:34:26.715 [main] INFO  o.s.c.s.PostProcessorRegistrationDelegate$BeanPostProcessorChecker - Bean 'fr.pacifista.api.client.boxes.clients.BoxClient' of type [org.springframework.cloud.openfeign.FeignClientFactoryBean] is not eligible for getting processed by all BeanPostProcessors (for example: not eligible for auto-proxying)
2023-04-19 17:34:26.716 [main] INFO  o.s.c.s.PostProcessorRegistrationDelegate$BeanPostProcessorChecker - Bean 'fr.pacifista.api.client.boxes.clients.BoxRewardClient' of type [org.springframework.cloud.openfeign.FeignClientFactoryBean] is not eligible for getting processed by all BeanPostProcessors (for example: not eligible for auto-proxying)
2023-04-19 17:34:26.717 [main] INFO  o.s.c.s.PostProcessorRegistrationDelegate$BeanPostProcessorChecker - Bean 'fr.pacifista.api.client.boxes.clients.PlayerBoxClient' of type [org.springframework.cloud.openfeign.FeignClientFactoryBean] is not eligible for getting processed by all BeanPostProcessors (for example: not eligible for auto-proxying)
2023-04-19 17:34:26.719 [main] INFO  o.s.c.s.PostProcessorRegistrationDelegate$BeanPostProcessorChecker - Bean 'fr.pacifista.api.client.external_api.mojang.client.MojangApiClient' of type [org.springframework.cloud.openfeign.FeignClientFactoryBean] is not eligible for getting processed by all BeanPostProcessors (for example: not eligible for auto-proxying)
2023-04-19 17:34:26.721 [main] INFO  o.s.c.s.PostProcessorRegistrationDelegate$BeanPostProcessorChecker - Bean 'fr.pacifista.api.client.guilds.clients.GuildClient' of type [org.springframework.cloud.openfeign.FeignClientFactoryBean] is not eligible for getting processed by all BeanPostProcessors (for example: not eligible for auto-proxying)
2023-04-19 17:34:26.723 [main] INFO  o.s.c.s.PostProcessorRegistrationDelegate$BeanPostProcessorChecker - Bean 'fr.pacifista.api.client.guilds.clients.GuildExperienceClient' of type [org.springframework.cloud.openfeign.FeignClientFactoryBean] is not eligible for getting processed by all BeanPostProcessors (for example: not eligible for auto-proxying)
2023-04-19 17:34:26.725 [main] INFO  o.s.c.s.PostProcessorRegistrationDelegate$BeanPostProcessorChecker - Bean 'fr.pacifista.api.client.guilds.clients.GuildHomeClient' of type [org.springframework.cloud.openfeign.FeignClientFactoryBean] is not eligible for getting processed by all BeanPostProcessors (for example: not eligible for auto-proxying)
2023-04-19 17:34:26.728 [main] INFO  o.s.c.s.PostProcessorRegistrationDelegate$BeanPostProcessorChecker - Bean 'fr.pacifista.api.client.guilds.clients.GuildLogClient' of type [org.springframework.cloud.openfeign.FeignClientFactoryBean] is not eligible for getting processed by all BeanPostProcessors (for example: not eligible for auto-proxying)
2023-04-19 17:34:26.729 [main] INFO  o.s.c.s.PostProcessorRegistrationDelegate$BeanPostProcessorChecker - Bean 'fr.pacifista.api.client.guilds.clients.GuildMemberClient' of type [org.springframework.cloud.openfeign.FeignClientFactoryBean] is not eligible for getting processed by all BeanPostProcessors (for example: not eligible for auto-proxying)
2023-04-19 17:34:26.731 [main] INFO  o.s.c.s.PostProcessorRegistrationDelegate$BeanPostProcessorChecker - Bean 'fr.pacifista.api.client.guilds.clients.GuildMessageClient' of type [org.springframework.cloud.openfeign.FeignClientFactoryBean] is not eligible for getting processed by all BeanPostProcessors (for example: not eligible for auto-proxying)
2023-04-19 17:34:26.732 [main] INFO  o.s.c.s.PostProcessorRegistrationDelegate$BeanPostProcessorChecker - Bean 'fr.pacifista.api.client.permissions.clients.PacifistaPermissionClient' of type [org.springframework.cloud.openfeign.FeignClientFactoryBean] is not eligible for getting processed by all BeanPostProcessors (for example: not eligible for auto-proxying)
2023-04-19 17:34:26.733 [main] INFO  o.s.c.s.PostProcessorRegistrationDelegate$BeanPostProcessorChecker - Bean 'fr.pacifista.api.client.permissions.clients.PacifistaPlayerRolesClient' of type [org.springframework.cloud.openfeign.FeignClientFactoryBean] is not eligible for getting processed by all BeanPostProcessors (for example: not eligible for auto-proxying)
2023-04-19 17:34:26.734 [main] INFO  o.s.c.s.PostProcessorRegistrationDelegate$BeanPostProcessorChecker - Bean 'fr.pacifista.api.client.permissions.clients.PacifistaRoleClient' of type [org.springframework.cloud.openfeign.FeignClientFactoryBean] is not eligible for getting processed by all BeanPostProcessors (for example: not eligible for auto-proxying)
2023-04-19 17:34:26.741 [main] INFO  o.s.c.s.PostProcessorRegistrationDelegate$BeanPostProcessorChecker - Bean 'fr.pacifista.api.client.players.players_sync.clients.PlayerEnderchestDataClient' of type [org.springframework.cloud.openfeign.FeignClientFactoryBean] is not eligible for getting processed by all BeanPostProcessors (for example: not eligible for auto-proxying)
2023-04-19 17:34:26.743 [main] INFO  o.s.c.s.PostProcessorRegistrationDelegate$BeanPostProcessorChecker - Bean 'fr.pacifista.api.client.players.players_sync.clients.PlayerExperienceDataClient' of type [org.springframework.cloud.openfeign.FeignClientFactoryBean] is not eligible for getting processed by all BeanPostProcessors (for example: not eligible for auto-proxying)
2023-04-19 17:34:26.744 [main] INFO  o.s.c.s.PostProcessorRegistrationDelegate$BeanPostProcessorChecker - Bean 'fr.pacifista.api.client.players.players_sync.clients.PlayerInventoryDataClient' of type [org.springframework.cloud.openfeign.FeignClientFactoryBean] is not eligible for getting processed by all BeanPostProcessors (for example: not eligible for auto-proxying)
2023-04-19 17:34:26.745 [main] INFO  o.s.c.s.PostProcessorRegistrationDelegate$BeanPostProcessorChecker - Bean 'fr.pacifista.api.client.players.players_sync.clients.PlayerMoneyDataClient' of type [org.springframework.cloud.openfeign.FeignClientFactoryBean] is not eligible for getting processed by all BeanPostProcessors (for example: not eligible for auto-proxying)
2023-04-19 17:34:26.747 [main] INFO  o.s.c.s.PostProcessorRegistrationDelegate$BeanPostProcessorChecker - Bean 'fr.pacifista.api.client.sanctions.clients.SanctionClient' of type [org.springframework.cloud.openfeign.FeignClientFactoryBean] is not eligible for getting processed by all BeanPostProcessors (for example: not eligible for auto-proxying)
2023-04-19 17:34:26.748 [main] INFO  o.s.c.s.PostProcessorRegistrationDelegate$BeanPostProcessorChecker - Bean 'fr.pacifista.api.client.support.tickets.clients.PacifistaSupportTicketClient' of type [org.springframework.cloud.openfeign.FeignClientFactoryBean] is not eligible for getting processed by all BeanPostProcessors (for example: not eligible for auto-proxying)
2023-04-19 17:34:26.749 [main] INFO  o.s.c.s.PostProcessorRegistrationDelegate$BeanPostProcessorChecker - Bean 'fr.pacifista.api.client.support.tickets.clients.PacifistaSupportTicketMessageClient' of type [org.springframework.cloud.openfeign.FeignClientFactoryBean] is not eligible for getting processed by all BeanPostProcessors (for example: not eligible for auto-proxying)
2023-04-19 17:34:26.751 [main] INFO  o.s.c.s.PostProcessorRegistrationDelegate$BeanPostProcessorChecker - Bean 'fr.pacifista.api.client.warps.clients.WarpClient' of type [org.springframework.cloud.openfeign.FeignClientFactoryBean] is not eligible for getting processed by all BeanPostProcessors (for example: not eligible for auto-proxying)
2023-04-19 17:34:26.752 [main] INFO  o.s.c.s.PostProcessorRegistrationDelegate$BeanPostProcessorChecker - Bean 'fr.pacifista.api.client.web.news.clients.PacifistaNewsClient' of type [org.springframework.cloud.openfeign.FeignClientFactoryBean] is not eligible for getting processed by all BeanPostProcessors (for example: not eligible for auto-proxying)
2023-04-19 17:34:26.753 [main] INFO  o.s.c.s.PostProcessorRegistrationDelegate$BeanPostProcessorChecker - Bean 'fr.pacifista.api.client.web.shop.articles.clients.ShopArticlesClient' of type [org.springframework.cloud.openfeign.FeignClientFactoryBean] is not eligible for getting processed by all BeanPostProcessors (for example: not eligible for auto-proxying)
2023-04-19 17:34:26.754 [main] INFO  o.s.c.s.PostProcessorRegistrationDelegate$BeanPostProcessorChecker - Bean 'fr.pacifista.api.client.web.shop.categories.clients.ShopCategoriesClient' of type [org.springframework.cloud.openfeign.FeignClientFactoryBean] is not eligible for getting processed by all BeanPostProcessors (for example: not eligible for auto-proxying)
2023-04-19 17:34:27.211 [main] INFO  o.h.jpa.internal.util.LogHelper - HHH000204: Processing PersistenceUnitInfo [name: default]
2023-04-19 17:34:27.349 [main] INFO  org.hibernate.Version - HHH000412: Hibernate ORM core version 6.1.7.Final
2023-04-19 17:34:27.833 [main] INFO  com.zaxxer.hikari.HikariDataSource - HikariPool-1 - Starting...
2023-04-19 17:34:28.013 [main] INFO  com.zaxxer.hikari.pool.HikariPool - HikariPool-1 - Added connection conn0: url=jdbc:h2:mem:test user=SA
2023-04-19 17:34:28.015 [main] INFO  com.zaxxer.hikari.HikariDataSource - HikariPool-1 - Start completed.
2023-04-19 17:34:28.032 [main] INFO  SQL dialect - HHH000400: Using dialect: org.hibernate.dialect.H2Dialect
2023-04-19 17:34:29.393 [main] INFO  o.h.e.t.j.p.i.JtaPlatformInitiator - HHH000490: Using JtaPlatform implementation: [org.hibernate.engine.transaction.jta.platform.internal.NoJtaPlatform]
2023-04-19 17:34:29.402 [main] INFO  o.s.o.j.LocalContainerEntityManagerFactoryBean - Initialized JPA EntityManagerFactory for persistence unit 'default'
2023-04-19 17:34:31.957 [main] WARN  o.s.b.a.s.s.UserDetailsServiceAutoConfiguration - 

Using generated security password: 945b0d95-9759-43d1-a47d-52620707152b

This generated password is for development use only. Your security configuration must be updated before running your application in production.

2023-04-19 17:34:32.817 [main] INFO  o.s.s.web.DefaultSecurityFilterChain - Will secure any request with [org.springframework.security.web.session.DisableEncodeUrlFilter@31f5580b, org.springframework.security.web.context.request.async.WebAsyncManagerIntegrationFilter@56a8b19f, org.springframework.security.web.context.SecurityContextHolderFilter@2f29046b, org.springframework.security.web.header.HeaderWriterFilter@1ee37c7a, org.springframework.web.filter.CorsFilter@42014a, org.springframework.security.web.authentication.logout.LogoutFilter@57ac220f, fr.pacifista.api.service.core.auth.components.JwtTokenFilter@71d8794f, org.springframework.security.web.authentication.www.BasicAuthenticationFilter@6e512d7f, org.springframework.security.web.savedrequest.RequestCacheAwareFilter@48d6248d, org.springframework.security.web.servletapi.SecurityContextHolderAwareRequestFilter@2100b770, org.springframework.security.web.authentication.AnonymousAuthenticationFilter@5927473a, org.springframework.security.web.session.SessionManagementFilter@17524c36, org.springframework.security.web.access.ExceptionTranslationFilter@7f2d4ffc, org.springframework.security.web.access.intercept.AuthorizationFilter@63069995]
2023-04-19 17:34:34.702 [main] INFO  o.s.cloud.commons.util.InetUtils - Cannot determine local hostname
2023-04-19 17:34:34.765 [main] INFO  f.p.a.s.s.t.s.PacifistaSupportTicketMessageServiceTest - Started PacifistaSupportTicketMessageServiceTest in 11.353 seconds (process running for 12.878)
2023-04-19 17:34:35.886 [main] WARN  o.h.e.jdbc.spi.SqlExceptionHelper - SQL Error: 23502, SQLState: 23502
2023-04-19 17:34:35.886 [main] ERROR o.h.e.jdbc.spi.SqlExceptionHelper - NULL non permis pour la colonne "WRITTEN_BY_NAME"
NULL not allowed for column "WRITTEN_BY_NAME"; SQL statement:
insert into pacifista_support_tickets_messages (id, created_at, message, ticket_id, updated_at, uuid, written_by_id, written_by_name) values (default, ?, ?, ?, ?, ?, ?, ?) [23502-214]
2023-04-19 17:34:35.925 [main] WARN  o.h.e.jdbc.spi.SqlExceptionHelper - SQL Error: 23502, SQLState: 23502
2023-04-19 17:34:35.925 [main] ERROR o.h.e.jdbc.spi.SqlExceptionHelper - NULL non permis pour la colonne "WRITTEN_BY_NAME"
NULL not allowed for column "WRITTEN_BY_NAME"; SQL statement:
insert into pacifista_support_tickets_messages (id, created_at, message, ticket_id, updated_at, uuid, written_by_id, written_by_name) values (default, ?, ?, ?, ?, ?, ?, ?) [23502-214]
2023-04-19 17:34:35.955 [SpringApplicationShutdownHook] INFO  o.s.o.j.LocalContainerEntityManagerFactoryBean - Closing JPA EntityManagerFactory for persistence unit 'default'
2023-04-19 17:34:35.957 [SpringApplicationShutdownHook] INFO  com.zaxxer.hikari.HikariDataSource - HikariPool-1 - Shutdown initiated...
2023-04-19 17:34:35.960 [SpringApplicationShutdownHook] INFO  com.zaxxer.hikari.HikariDataSource - HikariPool-1 - Shutdown completed.
